{"C:\\Users\\biaon\\Desktop\\4studies\\src\\database.js": {"path":"C:\\Users\\biaon\\Desktop\\4studies\\src\\database.js","statementMap":{"0":{"start":{"line":1,"column":22},"end":{"line":1,"column":42}},"1":{"start":{"line":3,"column":18},"end":{"line":6,"column":2}},"2":{"start":{"line":8,"column":0},"end":{"line":8,"column":27}}},"fnMap":{},"branchMap":{},"s":{"0":18,"1":18,"2":18},"f":{},"b":{},"_coverageSchema":"1a1c01bbd47fc00a2c39e90264f33305004495a9","hash":"809d6339830d908b775446a068097c65df0d1739"}
,"C:\\Users\\biaon\\Desktop\\4studies\\src\\models\\ClockIn.js": {"path":"C:\\Users\\biaon\\Desktop\\4studies\\src\\models\\ClockIn.js","statementMap":{"0":{"start":{"line":1,"column":22},"end":{"line":1,"column":42}},"1":{"start":{"line":2,"column":18},"end":{"line":2,"column":40}},"2":{"start":{"line":4,"column":16},"end":{"line":15,"column":2}},"3":{"start":{"line":17,"column":0},"end":{"line":17,"column":25}}},"fnMap":{},"branchMap":{},"s":{"0":2,"1":2,"2":2,"3":2},"f":{},"b":{},"_coverageSchema":"1a1c01bbd47fc00a2c39e90264f33305004495a9","hash":"e769370fa13c1d5c76515b2737afd6eb65d32f67"}
,"C:\\Users\\biaon\\Desktop\\4studies\\src\\models\\DailyGoals.js": {"path":"C:\\Users\\biaon\\Desktop\\4studies\\src\\models\\DailyGoals.js","statementMap":{"0":{"start":{"line":1,"column":22},"end":{"line":1,"column":42}},"1":{"start":{"line":2,"column":18},"end":{"line":2,"column":40}},"2":{"start":{"line":4,"column":19},"end":{"line":9,"column":2}},"3":{"start":{"line":11,"column":0},"end":{"line":11,"column":28}}},"fnMap":{},"branchMap":{},"s":{"0":3,"1":3,"2":3,"3":3},"f":{},"b":{},"_coverageSchema":"1a1c01bbd47fc00a2c39e90264f33305004495a9","hash":"266c03d46929a26f8d8fbd7ccf39d4170ba39ae0"}
,"C:\\Users\\biaon\\Desktop\\4studies\\src\\models\\Notes.js": {"path":"C:\\Users\\biaon\\Desktop\\4studies\\src\\models\\Notes.js","statementMap":{"0":{"start":{"line":1,"column":22},"end":{"line":1,"column":42}},"1":{"start":{"line":2,"column":18},"end":{"line":2,"column":40}},"2":{"start":{"line":4,"column":14},"end":{"line":9,"column":2}},"3":{"start":{"line":11,"column":0},"end":{"line":11,"column":23}}},"fnMap":{},"branchMap":{},"s":{"0":3,"1":3,"2":3,"3":3},"f":{},"b":{},"_coverageSchema":"1a1c01bbd47fc00a2c39e90264f33305004495a9","hash":"d2bcc1e92844886a7c5c9acf349c3eafa436b83b"}
,"C:\\Users\\biaon\\Desktop\\4studies\\src\\models\\TimeToday.js": {"path":"C:\\Users\\biaon\\Desktop\\4studies\\src\\models\\TimeToday.js","statementMap":{"0":{"start":{"line":1,"column":22},"end":{"line":1,"column":42}},"1":{"start":{"line":2,"column":18},"end":{"line":2,"column":40}},"2":{"start":{"line":4,"column":18},"end":{"line":13,"column":2}},"3":{"start":{"line":15,"column":0},"end":{"line":15,"column":27}}},"fnMap":{},"branchMap":{},"s":{"0":3,"1":3,"2":3,"3":3},"f":{},"b":{},"_coverageSchema":"1a1c01bbd47fc00a2c39e90264f33305004495a9","hash":"466426dd2cc0930c5688d2c208c65d39a5f81d92"}
,"C:\\Users\\biaon\\Desktop\\4studies\\src\\models\\TimeWeek.js": {"path":"C:\\Users\\biaon\\Desktop\\4studies\\src\\models\\TimeWeek.js","statementMap":{"0":{"start":{"line":1,"column":22},"end":{"line":1,"column":42}},"1":{"start":{"line":2,"column":18},"end":{"line":2,"column":40}},"2":{"start":{"line":4,"column":17},"end":{"line":13,"column":2}},"3":{"start":{"line":15,"column":0},"end":{"line":15,"column":26}}},"fnMap":{},"branchMap":{},"s":{"0":4,"1":4,"2":4,"3":4},"f":{},"b":{},"_coverageSchema":"1a1c01bbd47fc00a2c39e90264f33305004495a9","hash":"b7c503bb8dcf60a7accfe63abe5aff1c98ec2c02"}
,"C:\\Users\\biaon\\Desktop\\4studies\\src\\models\\TotalHours.js": {"path":"C:\\Users\\biaon\\Desktop\\4studies\\src\\models\\TotalHours.js","statementMap":{"0":{"start":{"line":1,"column":22},"end":{"line":1,"column":42}},"1":{"start":{"line":2,"column":18},"end":{"line":2,"column":40}},"2":{"start":{"line":4,"column":19},"end":{"line":13,"column":2}},"3":{"start":{"line":15,"column":0},"end":{"line":15,"column":28}}},"fnMap":{},"branchMap":{},"s":{"0":3,"1":3,"2":3,"3":3},"f":{},"b":{},"_coverageSchema":"1a1c01bbd47fc00a2c39e90264f33305004495a9","hash":"a61d4c7ce23ed442a842dc22a03a326cb30828d7"}
,"C:\\Users\\biaon\\Desktop\\4studies\\src\\models\\WeeklyGoals.js": {"path":"C:\\Users\\biaon\\Desktop\\4studies\\src\\models\\WeeklyGoals.js","statementMap":{"0":{"start":{"line":1,"column":22},"end":{"line":1,"column":42}},"1":{"start":{"line":2,"column":18},"end":{"line":2,"column":40}},"2":{"start":{"line":4,"column":20},"end":{"line":9,"column":2}},"3":{"start":{"line":11,"column":0},"end":{"line":11,"column":29}}},"fnMap":{},"branchMap":{},"s":{"0":3,"1":3,"2":3,"3":3},"f":{},"b":{},"_coverageSchema":"1a1c01bbd47fc00a2c39e90264f33305004495a9","hash":"a0d54ab9e9f78dff11150212941f9864c3f5ba88"}
,"C:\\Users\\biaon\\Desktop\\4studies\\src\\models\\add_stuff.js": {"path":"C:\\Users\\biaon\\Desktop\\4studies\\src\\models\\add_stuff.js","statementMap":{"0":{"start":{"line":1,"column":14},"end":{"line":1,"column":32}},"1":{"start":{"line":2,"column":20},"end":{"line":2,"column":44}},"2":{"start":{"line":3,"column":19},"end":{"line":3,"column":42}},"3":{"start":{"line":4,"column":17},"end":{"line":4,"column":38}},"4":{"start":{"line":5,"column":18},"end":{"line":5,"column":40}},"5":{"start":{"line":6,"column":19},"end":{"line":6,"column":42}},"6":{"start":{"line":7,"column":16},"end":{"line":7,"column":36}},"7":{"start":{"line":38,"column":0},"end":{"line":38,"column":26}}},"fnMap":{"0":{"name":"add_stuff","decl":{"start":{"line":9,"column":15},"end":{"line":9,"column":24}},"loc":{"start":{"line":9,"column":26},"end":{"line":36,"column":1}},"line":9}},"branchMap":{},"s":{"0":1,"1":1,"2":1,"3":1,"4":1,"5":1,"6":1,"7":1},"f":{"0":0},"b":{},"_coverageSchema":"1a1c01bbd47fc00a2c39e90264f33305004495a9","hash":"4bb38d1231264bb32b02a920de6b894b49b6c909"}
,"C:\\Users\\biaon\\Desktop\\4studies\\src\\routes\\clock.js": {"path":"C:\\Users\\biaon\\Desktop\\4studies\\src\\routes\\clock.js","statementMap":{"0":{"start":{"line":1,"column":16},"end":{"line":1,"column":34}},"1":{"start":{"line":2,"column":15},"end":{"line":2,"column":31}},"2":{"start":{"line":4,"column":16},"end":{"line":4,"column":44}},"3":{"start":{"line":5,"column":18},"end":{"line":5,"column":48}},"4":{"start":{"line":19,"column":4},"end":{"line":19,"column":40}},"5":{"start":{"line":25,"column":0},"end":{"line":36,"column":3}},"6":{"start":{"line":26,"column":4},"end":{"line":28,"column":5}},"7":{"start":{"line":27,"column":8},"end":{"line":27,"column":32}},"8":{"start":{"line":29,"column":4},"end":{"line":29,"column":34}},"9":{"start":{"line":31,"column":24},"end":{"line":31,"column":45}},"10":{"start":{"line":32,"column":15},"end":{"line":32,"column":51}},"11":{"start":{"line":33,"column":20},"end":{"line":33,"column":38}},"12":{"start":{"line":35,"column":4},"end":{"line":35,"column":73}},"13":{"start":{"line":38,"column":0},"end":{"line":41,"column":2}},"14":{"start":{"line":39,"column":23},"end":{"line":39,"column":45}},"15":{"start":{"line":40,"column":4},"end":{"line":40,"column":39}},"16":{"start":{"line":43,"column":0},"end":{"line":49,"column":2}},"17":{"start":{"line":44,"column":30},"end":{"line":44,"column":90}},"18":{"start":{"line":45,"column":4},"end":{"line":47,"column":5}},"19":{"start":{"line":46,"column":8},"end":{"line":46,"column":66}},"20":{"start":{"line":48,"column":4},"end":{"line":48,"column":42}},"21":{"start":{"line":51,"column":0},"end":{"line":53,"column":3}},"22":{"start":{"line":52,"column":4},"end":{"line":52,"column":33}},"23":{"start":{"line":55,"column":0},"end":{"line":59,"column":3}},"24":{"start":{"line":56,"column":22},"end":{"line":56,"column":63}},"25":{"start":{"line":58,"column":4},"end":{"line":58,"column":24}},"26":{"start":{"line":61,"column":0},"end":{"line":69,"column":3}},"27":{"start":{"line":62,"column":4},"end":{"line":68,"column":5}},"28":{"start":{"line":63,"column":8},"end":{"line":63,"column":49}},"29":{"start":{"line":64,"column":8},"end":{"line":64,"column":31}},"30":{"start":{"line":66,"column":8},"end":{"line":66,"column":27}},"31":{"start":{"line":67,"column":8},"end":{"line":67,"column":53}},"32":{"start":{"line":71,"column":0},"end":{"line":76,"column":3}},"33":{"start":{"line":72,"column":21},"end":{"line":72,"column":44}},"34":{"start":{"line":73,"column":4},"end":{"line":73,"column":40}},"35":{"start":{"line":74,"column":4},"end":{"line":74,"column":41}},"36":{"start":{"line":75,"column":4},"end":{"line":75,"column":27}},"37":{"start":{"line":78,"column":0},"end":{"line":78,"column":23}}},"fnMap":{"0":{"name":"(anonymous_0)","decl":{"start":{"line":25,"column":16},"end":{"line":25,"column":17}},"loc":{"start":{"line":25,"column":36},"end":{"line":36,"column":1}},"line":25},"1":{"name":"(anonymous_1)","decl":{"start":{"line":38,"column":28},"end":{"line":38,"column":29}},"loc":{"start":{"line":38,"column":48},"end":{"line":41,"column":1}},"line":38},"2":{"name":"(anonymous_2)","decl":{"start":{"line":43,"column":33},"end":{"line":43,"column":34}},"loc":{"start":{"line":43,"column":53},"end":{"line":49,"column":1}},"line":43},"3":{"name":"(anonymous_3)","decl":{"start":{"line":51,"column":30},"end":{"line":51,"column":31}},"loc":{"start":{"line":51,"column":50},"end":{"line":53,"column":1}},"line":51},"4":{"name":"(anonymous_4)","decl":{"start":{"line":55,"column":32},"end":{"line":55,"column":33}},"loc":{"start":{"line":55,"column":52},"end":{"line":59,"column":1}},"line":55},"5":{"name":"(anonymous_5)","decl":{"start":{"line":61,"column":31},"end":{"line":61,"column":32}},"loc":{"start":{"line":61,"column":51},"end":{"line":69,"column":1}},"line":61},"6":{"name":"(anonymous_6)","decl":{"start":{"line":71,"column":35},"end":{"line":71,"column":36}},"loc":{"start":{"line":71,"column":55},"end":{"line":76,"column":1}},"line":71}},"branchMap":{"0":{"loc":{"start":{"line":26,"column":4},"end":{"line":28,"column":5}},"type":"if","locations":[{"start":{"line":26,"column":4},"end":{"line":28,"column":5}},{"start":{},"end":{}}],"line":26},"1":{"loc":{"start":{"line":45,"column":4},"end":{"line":47,"column":5}},"type":"if","locations":[{"start":{"line":45,"column":4},"end":{"line":47,"column":5}},{"start":{},"end":{}}],"line":45}},"s":{"0":1,"1":1,"2":1,"3":1,"4":1,"5":1,"6":0,"7":0,"8":0,"9":0,"10":0,"11":0,"12":0,"13":1,"14":1,"15":1,"16":1,"17":0,"18":0,"19":0,"20":0,"21":1,"22":2,"23":1,"24":1,"25":1,"26":1,"27":2,"28":2,"29":1,"30":1,"31":1,"32":1,"33":1,"34":1,"35":1,"36":1,"37":1},"f":{"0":0,"1":1,"2":0,"3":2,"4":1,"5":2,"6":1},"b":{"0":[0,0],"1":[0,0]},"_coverageSchema":"1a1c01bbd47fc00a2c39e90264f33305004495a9","hash":"4308179ae26553145ee2103acdeeacd34e67df71"}
,"C:\\Users\\biaon\\Desktop\\4studies\\src\\routes\\notes.js": {"path":"C:\\Users\\biaon\\Desktop\\4studies\\src\\routes\\notes.js","statementMap":{"0":{"start":{"line":1,"column":16},"end":{"line":1,"column":34}},"1":{"start":{"line":2,"column":15},"end":{"line":2,"column":31}},"2":{"start":{"line":12,"column":4},"end":{"line":12,"column":40}},"3":{"start":{"line":16,"column":0},"end":{"line":24,"column":3}},"4":{"start":{"line":17,"column":14},"end":{"line":17,"column":31}},"5":{"start":{"line":18,"column":2},"end":{"line":20,"column":3}},"6":{"start":{"line":19,"column":4},"end":{"line":19,"column":32}},"7":{"start":{"line":21,"column":2},"end":{"line":21,"column":44}},"8":{"start":{"line":22,"column":2},"end":{"line":22,"column":110}},"9":{"start":{"line":26,"column":0},"end":{"line":29,"column":3}},"10":{"start":{"line":27,"column":23},"end":{"line":27,"column":62}},"11":{"start":{"line":28,"column":2},"end":{"line":28,"column":25}},"12":{"start":{"line":31,"column":0},"end":{"line":33,"column":3}},"13":{"start":{"line":32,"column":2},"end":{"line":32,"column":34}},"14":{"start":{"line":37,"column":0},"end":{"line":45,"column":3}},"15":{"start":{"line":38,"column":14},"end":{"line":38,"column":31}},"16":{"start":{"line":39,"column":2},"end":{"line":41,"column":3}},"17":{"start":{"line":40,"column":4},"end":{"line":40,"column":33}},"18":{"start":{"line":42,"column":2},"end":{"line":42,"column":46}},"19":{"start":{"line":43,"column":2},"end":{"line":43,"column":113}},"20":{"start":{"line":47,"column":0},"end":{"line":50,"column":3}},"21":{"start":{"line":48,"column":24},"end":{"line":48,"column":64}},"22":{"start":{"line":49,"column":2},"end":{"line":49,"column":26}},"23":{"start":{"line":52,"column":0},"end":{"line":54,"column":3}},"24":{"start":{"line":53,"column":2},"end":{"line":53,"column":35}},"25":{"start":{"line":58,"column":0},"end":{"line":68,"column":3}},"26":{"start":{"line":59,"column":14},"end":{"line":59,"column":31}},"27":{"start":{"line":60,"column":2},"end":{"line":62,"column":3}},"28":{"start":{"line":61,"column":4},"end":{"line":61,"column":18}},"29":{"start":{"line":63,"column":2},"end":{"line":63,"column":29}},"30":{"start":{"line":65,"column":2},"end":{"line":65,"column":21}},"31":{"start":{"line":67,"column":2},"end":{"line":67,"column":18}},"32":{"start":{"line":70,"column":0},"end":{"line":70,"column":23}}},"fnMap":{"0":{"name":"(anonymous_0)","decl":{"start":{"line":16,"column":27},"end":{"line":16,"column":28}},"loc":{"start":{"line":16,"column":47},"end":{"line":24,"column":1}},"line":16},"1":{"name":"(anonymous_1)","decl":{"start":{"line":26,"column":32},"end":{"line":26,"column":33}},"loc":{"start":{"line":26,"column":52},"end":{"line":29,"column":1}},"line":26},"2":{"name":"(anonymous_2)","decl":{"start":{"line":31,"column":34},"end":{"line":31,"column":35}},"loc":{"start":{"line":31,"column":54},"end":{"line":33,"column":1}},"line":31},"3":{"name":"(anonymous_3)","decl":{"start":{"line":37,"column":28},"end":{"line":37,"column":29}},"loc":{"start":{"line":37,"column":48},"end":{"line":45,"column":1}},"line":37},"4":{"name":"(anonymous_4)","decl":{"start":{"line":47,"column":33},"end":{"line":47,"column":34}},"loc":{"start":{"line":47,"column":53},"end":{"line":50,"column":1}},"line":47},"5":{"name":"(anonymous_5)","decl":{"start":{"line":52,"column":35},"end":{"line":52,"column":36}},"loc":{"start":{"line":52,"column":55},"end":{"line":54,"column":1}},"line":52},"6":{"name":"(anonymous_6)","decl":{"start":{"line":58,"column":21},"end":{"line":58,"column":22}},"loc":{"start":{"line":58,"column":41},"end":{"line":68,"column":1}},"line":58}},"branchMap":{"0":{"loc":{"start":{"line":18,"column":2},"end":{"line":20,"column":3}},"type":"if","locations":[{"start":{"line":18,"column":2},"end":{"line":20,"column":3}},{"start":{},"end":{}}],"line":18},"1":{"loc":{"start":{"line":39,"column":2},"end":{"line":41,"column":3}},"type":"if","locations":[{"start":{"line":39,"column":2},"end":{"line":41,"column":3}},{"start":{},"end":{}}],"line":39},"2":{"loc":{"start":{"line":60,"column":2},"end":{"line":62,"column":3}},"type":"if","locations":[{"start":{"line":60,"column":2},"end":{"line":62,"column":3}},{"start":{},"end":{}}],"line":60}},"s":{"0":1,"1":1,"2":1,"3":1,"4":0,"5":0,"6":0,"7":0,"8":0,"9":1,"10":2,"11":2,"12":1,"13":0,"14":1,"15":0,"16":0,"17":0,"18":0,"19":0,"20":1,"21":1,"22":1,"23":1,"24":0,"25":1,"26":2,"27":2,"28":2,"29":2,"30":2,"31":2,"32":1},"f":{"0":0,"1":2,"2":0,"3":0,"4":1,"5":0,"6":2},"b":{"0":[0,0],"1":[0,0],"2":[2,0]},"_coverageSchema":"1a1c01bbd47fc00a2c39e90264f33305004495a9","hash":"416dabcf7d9e5341e77a491e6aa5b8f3831b6f93"}
,"C:\\Users\\biaon\\Desktop\\4studies\\src\\routes\\time.js": {"path":"C:\\Users\\biaon\\Desktop\\4studies\\src\\routes\\time.js","statementMap":{"0":{"start":{"line":1,"column":16},"end":{"line":1,"column":34}},"1":{"start":{"line":2,"column":15},"end":{"line":2,"column":31}},"2":{"start":{"line":4,"column":18},"end":{"line":4,"column":48}},"3":{"start":{"line":5,"column":17},"end":{"line":5,"column":46}},"4":{"start":{"line":6,"column":19},"end":{"line":6,"column":50}},"5":{"start":{"line":8,"column":0},"end":{"line":18,"column":2}},"6":{"start":{"line":9,"column":23},"end":{"line":9,"column":51}},"7":{"start":{"line":10,"column":24},"end":{"line":10,"column":59}},"8":{"start":{"line":11,"column":27},"end":{"line":11,"column":72}},"9":{"start":{"line":13,"column":4},"end":{"line":17,"column":7}},"10":{"start":{"line":22,"column":18},"end":{"line":22,"column":53}},"11":{"start":{"line":23,"column":16},"end":{"line":23,"column":51}},"12":{"start":{"line":25,"column":4},"end":{"line":25,"column":43}},"13":{"start":{"line":26,"column":4},"end":{"line":26,"column":47}},"14":{"start":{"line":28,"column":4},"end":{"line":28,"column":33}},"15":{"start":{"line":32,"column":0},"end":{"line":32,"column":24}}},"fnMap":{"0":{"name":"(anonymous_0)","decl":{"start":{"line":8,"column":20},"end":{"line":8,"column":21}},"loc":{"start":{"line":8,"column":40},"end":{"line":18,"column":1}},"line":8},"1":{"name":"msToHours","decl":{"start":{"line":21,"column":9},"end":{"line":21,"column":18}},"loc":{"start":{"line":21,"column":23},"end":{"line":29,"column":1}},"line":21}},"branchMap":{},"s":{"0":1,"1":1,"2":1,"3":1,"4":1,"5":1,"6":1,"7":1,"8":1,"9":1,"10":2,"11":2,"12":2,"13":2,"14":2,"15":1},"f":{"0":1,"1":2},"b":{},"_coverageSchema":"1a1c01bbd47fc00a2c39e90264f33305004495a9","hash":"74c3d4061bb3566126bc732502334618c4efffd6"}
,"C:\\Users\\biaon\\Desktop\\4studies\\src\\services\\clock_service.js": {"path":"C:\\Users\\biaon\\Desktop\\4studies\\src\\services\\clock_service.js","statementMap":{"0":{"start":{"line":1,"column":18},"end":{"line":1,"column":48}},"1":{"start":{"line":2,"column":17},"end":{"line":2,"column":46}},"2":{"start":{"line":3,"column":19},"end":{"line":3,"column":50}},"3":{"start":{"line":4,"column":16},"end":{"line":4,"column":44}},"4":{"start":{"line":7,"column":18},"end":{"line":7,"column":28}},"5":{"start":{"line":8,"column":24},"end":{"line":8,"column":76}},"6":{"start":{"line":9,"column":4},"end":{"line":9,"column":23}},"7":{"start":{"line":13,"column":18},"end":{"line":13,"column":69}},"8":{"start":{"line":14,"column":4},"end":{"line":14,"column":17}},"9":{"start":{"line":18,"column":18},"end":{"line":18,"column":28}},"10":{"start":{"line":20,"column":4},"end":{"line":22,"column":7}},"11":{"start":{"line":26,"column":18},"end":{"line":26,"column":66}},"12":{"start":{"line":27,"column":4},"end":{"line":29,"column":5}},"13":{"start":{"line":28,"column":8},"end":{"line":28,"column":67}},"14":{"start":{"line":30,"column":4},"end":{"line":30,"column":20}},"15":{"start":{"line":34,"column":18},"end":{"line":34,"column":28}},"16":{"start":{"line":35,"column":24},"end":{"line":35,"column":45}},"17":{"start":{"line":37,"column":4},"end":{"line":39,"column":5}},"18":{"start":{"line":38,"column":8},"end":{"line":38,"column":21}},"19":{"start":{"line":40,"column":4},"end":{"line":40,"column":16}},"20":{"start":{"line":44,"column":4},"end":{"line":44,"column":31}},"21":{"start":{"line":48,"column":4},"end":{"line":50,"column":7}},"22":{"start":{"line":54,"column":21},"end":{"line":54,"column":47}},"23":{"start":{"line":56,"column":4},"end":{"line":58,"column":5}},"24":{"start":{"line":57,"column":8},"end":{"line":57,"column":46}},"25":{"start":{"line":62,"column":30},"end":{"line":62,"column":87}},"26":{"start":{"line":64,"column":4},"end":{"line":64,"column":41}},"27":{"start":{"line":64,"column":28},"end":{"line":64,"column":41}},"28":{"start":{"line":66,"column":4},"end":{"line":66,"column":85}},"29":{"start":{"line":71,"column":30},"end":{"line":71,"column":90}},"30":{"start":{"line":72,"column":4},"end":{"line":76,"column":5}},"31":{"start":{"line":74,"column":8},"end":{"line":74,"column":56}},"32":{"start":{"line":77,"column":4},"end":{"line":77,"column":45}},"33":{"start":{"line":78,"column":4},"end":{"line":78,"column":34}},"34":{"start":{"line":82,"column":23},"end":{"line":82,"column":45}},"35":{"start":{"line":83,"column":4},"end":{"line":83,"column":40}},"36":{"start":{"line":84,"column":4},"end":{"line":84,"column":28}},"37":{"start":{"line":88,"column":21},"end":{"line":88,"column":47}},"38":{"start":{"line":89,"column":4},"end":{"line":89,"column":51}},"39":{"start":{"line":90,"column":4},"end":{"line":90,"column":28}},"40":{"start":{"line":94,"column":17},"end":{"line":94,"column":27}},"41":{"start":{"line":95,"column":4},"end":{"line":99,"column":7}},"42":{"start":{"line":103,"column":18},"end":{"line":103,"column":46}},"43":{"start":{"line":104,"column":18},"end":{"line":104,"column":53}},"44":{"start":{"line":105,"column":16},"end":{"line":105,"column":51}},"45":{"start":{"line":107,"column":4},"end":{"line":107,"column":43}},"46":{"start":{"line":108,"column":4},"end":{"line":108,"column":47}},"47":{"start":{"line":109,"column":4},"end":{"line":109,"column":47}},"48":{"start":{"line":111,"column":4},"end":{"line":111,"column":44}},"49":{"start":{"line":114,"column":0},"end":{"line":127,"column":2}}},"fnMap":{"0":{"name":"getStudyToday","decl":{"start":{"line":6,"column":15},"end":{"line":6,"column":28}},"loc":{"start":{"line":6,"column":31},"end":{"line":10,"column":1}},"line":6},"1":{"name":"getToday","decl":{"start":{"line":12,"column":9},"end":{"line":12,"column":17}},"loc":{"start":{"line":12,"column":19},"end":{"line":15,"column":1}},"line":12},"2":{"name":"get_time_today","decl":{"start":{"line":17,"column":15},"end":{"line":17,"column":29}},"loc":{"start":{"line":17,"column":32},"end":{"line":23,"column":1}},"line":17},"3":{"name":"get_id_by_date","decl":{"start":{"line":25,"column":15},"end":{"line":25,"column":29}},"loc":{"start":{"line":25,"column":36},"end":{"line":31,"column":1}},"line":25},"4":{"name":"checkIfIsFirstClockIn","decl":{"start":{"line":33,"column":15},"end":{"line":33,"column":36}},"loc":{"start":{"line":33,"column":39},"end":{"line":41,"column":1}},"line":33},"5":{"name":"createTimeToday","decl":{"start":{"line":43,"column":15},"end":{"line":43,"column":30}},"loc":{"start":{"line":43,"column":33},"end":{"line":45,"column":1}},"line":43},"6":{"name":"createTotalHours","decl":{"start":{"line":47,"column":15},"end":{"line":47,"column":31}},"loc":{"start":{"line":47,"column":34},"end":{"line":51,"column":1}},"line":47},"7":{"name":"create_total_hours_if_needed","decl":{"start":{"line":53,"column":15},"end":{"line":53,"column":43}},"loc":{"start":{"line":53,"column":46},"end":{"line":59,"column":1}},"line":53},"8":{"name":"is_running","decl":{"start":{"line":61,"column":15},"end":{"line":61,"column":25}},"loc":{"start":{"line":61,"column":28},"end":{"line":68,"column":1}},"line":61},"9":{"name":"save_clock_out","decl":{"start":{"line":70,"column":15},"end":{"line":70,"column":29}},"loc":{"start":{"line":70,"column":41},"end":{"line":79,"column":1}},"line":70},"10":{"name":"add_ms_to_TimeToday","decl":{"start":{"line":81,"column":15},"end":{"line":81,"column":34}},"loc":{"start":{"line":81,"column":45},"end":{"line":85,"column":1}},"line":81},"11":{"name":"add_ms_to_TotalHours","decl":{"start":{"line":87,"column":15},"end":{"line":87,"column":35}},"loc":{"start":{"line":87,"column":46},"end":{"line":91,"column":1}},"line":87},"12":{"name":"create_clock_in","decl":{"start":{"line":93,"column":15},"end":{"line":93,"column":30}},"loc":{"start":{"line":93,"column":42},"end":{"line":100,"column":1}},"line":93},"13":{"name":"msToHours","decl":{"start":{"line":102,"column":9},"end":{"line":102,"column":18}},"loc":{"start":{"line":102,"column":23},"end":{"line":112,"column":1}},"line":102}},"branchMap":{"0":{"loc":{"start":{"line":27,"column":4},"end":{"line":29,"column":5}},"type":"if","locations":[{"start":{"line":27,"column":4},"end":{"line":29,"column":5}},{"start":{},"end":{}}],"line":27},"1":{"loc":{"start":{"line":37,"column":4},"end":{"line":39,"column":5}},"type":"if","locations":[{"start":{"line":37,"column":4},"end":{"line":39,"column":5}},{"start":{},"end":{}}],"line":37},"2":{"loc":{"start":{"line":56,"column":4},"end":{"line":58,"column":5}},"type":"if","locations":[{"start":{"line":56,"column":4},"end":{"line":58,"column":5}},{"start":{},"end":{}}],"line":56},"3":{"loc":{"start":{"line":64,"column":4},"end":{"line":64,"column":41}},"type":"if","locations":[{"start":{"line":64,"column":4},"end":{"line":64,"column":41}},{"start":{},"end":{}}],"line":64},"4":{"loc":{"start":{"line":66,"column":11},"end":{"line":66,"column":84}},"type":"cond-expr","locations":[{"start":{"line":66,"column":41},"end":{"line":66,"column":77}},{"start":{"line":66,"column":79},"end":{"line":66,"column":84}}],"line":66},"5":{"loc":{"start":{"line":72,"column":4},"end":{"line":76,"column":5}},"type":"if","locations":[{"start":{"line":72,"column":4},"end":{"line":76,"column":5}},{"start":{},"end":{}}],"line":72}},"s":{"0":2,"1":2,"2":2,"3":2,"4":3,"5":3,"6":3,"7":19,"8":19,"9":4,"10":4,"11":0,"12":0,"13":0,"14":0,"15":2,"16":2,"17":2,"18":1,"19":1,"20":1,"21":1,"22":2,"23":2,"24":1,"25":4,"26":4,"27":1,"28":3,"29":4,"30":4,"31":2,"32":2,"33":2,"34":2,"35":2,"36":2,"37":1,"38":1,"39":1,"40":2,"41":2,"42":7,"43":7,"44":7,"45":7,"46":7,"47":7,"48":7,"49":2},"f":{"0":3,"1":19,"2":4,"3":0,"4":2,"5":1,"6":1,"7":2,"8":4,"9":4,"10":2,"11":1,"12":2,"13":7},"b":{"0":[0,0],"1":[1,1],"2":[1,1],"3":[1,3],"4":[2,1],"5":[2,2]},"_coverageSchema":"1a1c01bbd47fc00a2c39e90264f33305004495a9","hash":"ebd71ac1c3c2e3921db5bb5cf95e705a18763d4e"}
,"C:\\Users\\biaon\\Desktop\\4studies\\src\\services\\notes_service.js": {"path":"C:\\Users\\biaon\\Desktop\\4studies\\src\\services\\notes_service.js","statementMap":{"0":{"start":{"line":1,"column":14},"end":{"line":1,"column":40}},"1":{"start":{"line":2,"column":20},"end":{"line":2,"column":52}},"2":{"start":{"line":3,"column":19},"end":{"line":3,"column":50}},"3":{"start":{"line":7,"column":17},"end":{"line":7,"column":41}},"4":{"start":{"line":9,"column":4},"end":{"line":9,"column":34}},"5":{"start":{"line":11,"column":4},"end":{"line":13,"column":5}},"6":{"start":{"line":12,"column":8},"end":{"line":12,"column":48}},"7":{"start":{"line":14,"column":4},"end":{"line":16,"column":5}},"8":{"start":{"line":15,"column":8},"end":{"line":15,"column":49}},"9":{"start":{"line":18,"column":4},"end":{"line":18,"column":16}},"10":{"start":{"line":22,"column":4},"end":{"line":22,"column":33}},"11":{"start":{"line":26,"column":2},"end":{"line":26,"column":31}},"12":{"start":{"line":30,"column":4},"end":{"line":34,"column":7}},"13":{"start":{"line":38,"column":4},"end":{"line":42,"column":7}},"14":{"start":{"line":46,"column":25},"end":{"line":48,"column":10}},"15":{"start":{"line":49,"column":6},"end":{"line":49,"column":32}},"16":{"start":{"line":50,"column":6},"end":{"line":50,"column":25}},"17":{"start":{"line":53,"column":26},"end":{"line":55,"column":10}},"18":{"start":{"line":56,"column":6},"end":{"line":56,"column":33}},"19":{"start":{"line":57,"column":6},"end":{"line":57,"column":26}},"20":{"start":{"line":60,"column":0},"end":{"line":68,"column":1}}},"fnMap":{"0":{"name":"load_page","decl":{"start":{"line":6,"column":15},"end":{"line":6,"column":24}},"loc":{"start":{"line":6,"column":37},"end":{"line":19,"column":1}},"line":6},"1":{"name":"get_notes","decl":{"start":{"line":21,"column":15},"end":{"line":21,"column":24}},"loc":{"start":{"line":21,"column":27},"end":{"line":23,"column":1}},"line":21},"2":{"name":"create_notes","decl":{"start":{"line":25,"column":15},"end":{"line":25,"column":27}},"loc":{"start":{"line":25,"column":30},"end":{"line":27,"column":1}},"line":25},"3":{"name":"delete_weekly_goal","decl":{"start":{"line":29,"column":15},"end":{"line":29,"column":33}},"loc":{"start":{"line":29,"column":38},"end":{"line":35,"column":1}},"line":29},"4":{"name":"delete_daily_goal","decl":{"start":{"line":37,"column":15},"end":{"line":37,"column":32}},"loc":{"start":{"line":37,"column":37},"end":{"line":43,"column":1}},"line":37},"5":{"name":"create_daily_goal","decl":{"start":{"line":45,"column":15},"end":{"line":45,"column":32}},"loc":{"start":{"line":45,"column":43},"end":{"line":51,"column":1}},"line":45},"6":{"name":"create_weekly_goal","decl":{"start":{"line":52,"column":15},"end":{"line":52,"column":33}},"loc":{"start":{"line":52,"column":44},"end":{"line":58,"column":1}},"line":52}},"branchMap":{"0":{"loc":{"start":{"line":11,"column":4},"end":{"line":13,"column":5}},"type":"if","locations":[{"start":{"line":11,"column":4},"end":{"line":13,"column":5}},{"start":{},"end":{}}],"line":11},"1":{"loc":{"start":{"line":14,"column":4},"end":{"line":16,"column":5}},"type":"if","locations":[{"start":{"line":14,"column":4},"end":{"line":16,"column":5}},{"start":{},"end":{}}],"line":14}},"s":{"0":2,"1":2,"2":2,"3":3,"4":3,"5":3,"6":1,"7":3,"8":1,"9":3,"10":5,"11":1,"12":1,"13":1,"14":1,"15":1,"16":1,"17":1,"18":1,"19":1,"20":2},"f":{"0":3,"1":5,"2":1,"3":1,"4":1,"5":1,"6":1},"b":{"0":[1,2],"1":[1,2]},"_coverageSchema":"1a1c01bbd47fc00a2c39e90264f33305004495a9","hash":"196d6f74a2840dadef3cf0f5ab8eb0db6ae2022f"}
}
