{"C:\\Users\\biaon\\Desktop\\4studies\\src\\database.js": {"path":"C:\\Users\\biaon\\Desktop\\4studies\\src\\database.js","statementMap":{"0":{"start":{"line":1,"column":22},"end":{"line":1,"column":42}},"1":{"start":{"line":2,"column":13},"end":{"line":2,"column":28}},"2":{"start":{"line":4,"column":18},"end":{"line":7,"column":2}},"3":{"start":{"line":9,"column":0},"end":{"line":9,"column":27}}},"fnMap":{},"branchMap":{},"s":{"0":4,"1":4,"2":4,"3":4},"f":{},"b":{},"_coverageSchema":"1a1c01bbd47fc00a2c39e90264f33305004495a9","hash":"8968278b491fabbbfaac0adc79b810db1f9a35ef"}
,"C:\\Users\\biaon\\Desktop\\4studies\\src\\models\\ClockIn.js": {"path":"C:\\Users\\biaon\\Desktop\\4studies\\src\\models\\ClockIn.js","statementMap":{"0":{"start":{"line":1,"column":22},"end":{"line":1,"column":42}},"1":{"start":{"line":2,"column":18},"end":{"line":2,"column":40}},"2":{"start":{"line":4,"column":16},"end":{"line":15,"column":2}},"3":{"start":{"line":17,"column":0},"end":{"line":17,"column":25}}},"fnMap":{},"branchMap":{},"s":{"0":1,"1":1,"2":1,"3":1},"f":{},"b":{},"_coverageSchema":"1a1c01bbd47fc00a2c39e90264f33305004495a9","hash":"e769370fa13c1d5c76515b2737afd6eb65d32f67"}
,"C:\\Users\\biaon\\Desktop\\4studies\\src\\models\\TimeToday.js": {"path":"C:\\Users\\biaon\\Desktop\\4studies\\src\\models\\TimeToday.js","statementMap":{"0":{"start":{"line":1,"column":22},"end":{"line":1,"column":42}},"1":{"start":{"line":2,"column":18},"end":{"line":2,"column":40}},"2":{"start":{"line":4,"column":18},"end":{"line":13,"column":2}},"3":{"start":{"line":15,"column":0},"end":{"line":15,"column":27}}},"fnMap":{},"branchMap":{},"s":{"0":1,"1":1,"2":1,"3":1},"f":{},"b":{},"_coverageSchema":"1a1c01bbd47fc00a2c39e90264f33305004495a9","hash":"466426dd2cc0930c5688d2c208c65d39a5f81d92"}
,"C:\\Users\\biaon\\Desktop\\4studies\\src\\models\\TimeWeek.js": {"path":"C:\\Users\\biaon\\Desktop\\4studies\\src\\models\\TimeWeek.js","statementMap":{"0":{"start":{"line":1,"column":22},"end":{"line":1,"column":42}},"1":{"start":{"line":2,"column":18},"end":{"line":2,"column":40}},"2":{"start":{"line":4,"column":17},"end":{"line":13,"column":2}},"3":{"start":{"line":15,"column":0},"end":{"line":15,"column":26}}},"fnMap":{},"branchMap":{},"s":{"0":1,"1":1,"2":1,"3":1},"f":{},"b":{},"_coverageSchema":"1a1c01bbd47fc00a2c39e90264f33305004495a9","hash":"b7c503bb8dcf60a7accfe63abe5aff1c98ec2c02"}
,"C:\\Users\\biaon\\Desktop\\4studies\\src\\models\\TotalHours.js": {"path":"C:\\Users\\biaon\\Desktop\\4studies\\src\\models\\TotalHours.js","statementMap":{"0":{"start":{"line":1,"column":22},"end":{"line":1,"column":42}},"1":{"start":{"line":2,"column":18},"end":{"line":2,"column":40}},"2":{"start":{"line":4,"column":19},"end":{"line":13,"column":2}},"3":{"start":{"line":15,"column":0},"end":{"line":15,"column":28}}},"fnMap":{},"branchMap":{},"s":{"0":1,"1":1,"2":1,"3":1},"f":{},"b":{},"_coverageSchema":"1a1c01bbd47fc00a2c39e90264f33305004495a9","hash":"a61d4c7ce23ed442a842dc22a03a326cb30828d7"}
,"C:\\Users\\biaon\\Desktop\\4studies\\src\\services\\clock_service.js": {"path":"C:\\Users\\biaon\\Desktop\\4studies\\src\\services\\clock_service.js","statementMap":{"0":{"start":{"line":1,"column":18},"end":{"line":1,"column":48}},"1":{"start":{"line":2,"column":17},"end":{"line":2,"column":46}},"2":{"start":{"line":3,"column":19},"end":{"line":3,"column":50}},"3":{"start":{"line":4,"column":16},"end":{"line":4,"column":44}},"4":{"start":{"line":5,"column":18},"end":{"line":5,"column":38}},"5":{"start":{"line":8,"column":18},"end":{"line":8,"column":28}},"6":{"start":{"line":9,"column":24},"end":{"line":9,"column":76}},"7":{"start":{"line":10,"column":4},"end":{"line":10,"column":23}},"8":{"start":{"line":14,"column":18},"end":{"line":14,"column":69}},"9":{"start":{"line":15,"column":4},"end":{"line":15,"column":17}},"10":{"start":{"line":19,"column":18},"end":{"line":19,"column":28}},"11":{"start":{"line":21,"column":4},"end":{"line":23,"column":7}},"12":{"start":{"line":27,"column":21},"end":{"line":27,"column":68}},"13":{"start":{"line":28,"column":4},"end":{"line":31,"column":5}},"14":{"start":{"line":29,"column":8},"end":{"line":29,"column":35}},"15":{"start":{"line":30,"column":8},"end":{"line":30,"column":54}},"16":{"start":{"line":32,"column":4},"end":{"line":32,"column":22}},"17":{"start":{"line":36,"column":4},"end":{"line":36,"column":31}},"18":{"start":{"line":40,"column":18},"end":{"line":40,"column":66}},"19":{"start":{"line":41,"column":4},"end":{"line":43,"column":5}},"20":{"start":{"line":42,"column":8},"end":{"line":42,"column":67}},"21":{"start":{"line":44,"column":4},"end":{"line":44,"column":20}},"22":{"start":{"line":48,"column":18},"end":{"line":48,"column":28}},"23":{"start":{"line":49,"column":24},"end":{"line":49,"column":45}},"24":{"start":{"line":51,"column":4},"end":{"line":53,"column":5}},"25":{"start":{"line":52,"column":8},"end":{"line":52,"column":21}},"26":{"start":{"line":54,"column":4},"end":{"line":54,"column":16}},"27":{"start":{"line":58,"column":4},"end":{"line":58,"column":31}},"28":{"start":{"line":62,"column":4},"end":{"line":65,"column":7}},"29":{"start":{"line":69,"column":4},"end":{"line":71,"column":7}},"30":{"start":{"line":75,"column":21},"end":{"line":75,"column":44}},"31":{"start":{"line":77,"column":4},"end":{"line":79,"column":5}},"32":{"start":{"line":78,"column":8},"end":{"line":78,"column":46}},"33":{"start":{"line":83,"column":30},"end":{"line":83,"column":87}},"34":{"start":{"line":85,"column":4},"end":{"line":85,"column":41}},"35":{"start":{"line":85,"column":28},"end":{"line":85,"column":41}},"36":{"start":{"line":87,"column":4},"end":{"line":87,"column":85}},"37":{"start":{"line":92,"column":30},"end":{"line":92,"column":90}},"38":{"start":{"line":93,"column":4},"end":{"line":96,"column":5}},"39":{"start":{"line":94,"column":8},"end":{"line":94,"column":56}},"40":{"start":{"line":97,"column":4},"end":{"line":97,"column":45}},"41":{"start":{"line":98,"column":4},"end":{"line":98,"column":34}},"42":{"start":{"line":102,"column":4},"end":{"line":102,"column":44}},"43":{"start":{"line":103,"column":4},"end":{"line":103,"column":40}},"44":{"start":{"line":107,"column":4},"end":{"line":107,"column":49}},"45":{"start":{"line":108,"column":4},"end":{"line":108,"column":45}},"46":{"start":{"line":112,"column":21},"end":{"line":112,"column":53}},"47":{"start":{"line":113,"column":4},"end":{"line":113,"column":40}},"48":{"start":{"line":114,"column":4},"end":{"line":114,"column":28}},"49":{"start":{"line":118,"column":21},"end":{"line":118,"column":53}},"50":{"start":{"line":119,"column":4},"end":{"line":119,"column":40}},"51":{"start":{"line":120,"column":4},"end":{"line":120,"column":28}},"52":{"start":{"line":124,"column":21},"end":{"line":124,"column":44}},"53":{"start":{"line":125,"column":4},"end":{"line":125,"column":51}},"54":{"start":{"line":126,"column":4},"end":{"line":126,"column":28}},"55":{"start":{"line":130,"column":21},"end":{"line":130,"column":44}},"56":{"start":{"line":131,"column":4},"end":{"line":131,"column":51}},"57":{"start":{"line":132,"column":4},"end":{"line":132,"column":28}},"58":{"start":{"line":136,"column":21},"end":{"line":136,"column":43}},"59":{"start":{"line":137,"column":22},"end":{"line":137,"column":45}},"60":{"start":{"line":138,"column":14},"end":{"line":142,"column":5}},"61":{"start":{"line":143,"column":4},"end":{"line":143,"column":15}},"62":{"start":{"line":147,"column":17},"end":{"line":147,"column":27}},"63":{"start":{"line":148,"column":4},"end":{"line":152,"column":7}},"64":{"start":{"line":156,"column":21},"end":{"line":160,"column":6}},"65":{"start":{"line":161,"column":30},"end":{"line":161,"column":55}},"66":{"start":{"line":162,"column":4},"end":{"line":162,"column":28}},"67":{"start":{"line":166,"column":17},"end":{"line":166,"column":43}},"68":{"start":{"line":167,"column":4},"end":{"line":167,"column":78}},"69":{"start":{"line":168,"column":4},"end":{"line":178,"column":5}},"70":{"start":{"line":169,"column":8},"end":{"line":169,"column":41}},"71":{"start":{"line":171,"column":8},"end":{"line":171,"column":73}},"72":{"start":{"line":173,"column":8},"end":{"line":173,"column":28}},"73":{"start":{"line":174,"column":8},"end":{"line":174,"column":77}},"74":{"start":{"line":176,"column":19},"end":{"line":176,"column":75}},"75":{"start":{"line":177,"column":8},"end":{"line":177,"column":19}},"76":{"start":{"line":179,"column":4},"end":{"line":179,"column":28}},"77":{"start":{"line":183,"column":17},"end":{"line":183,"column":43}},"78":{"start":{"line":184,"column":4},"end":{"line":184,"column":78}},"79":{"start":{"line":185,"column":4},"end":{"line":193,"column":5}},"80":{"start":{"line":186,"column":8},"end":{"line":186,"column":43}},"81":{"start":{"line":188,"column":8},"end":{"line":188,"column":28}},"82":{"start":{"line":189,"column":8},"end":{"line":189,"column":77}},"83":{"start":{"line":191,"column":19},"end":{"line":191,"column":75}},"84":{"start":{"line":192,"column":8},"end":{"line":192,"column":19}},"85":{"start":{"line":194,"column":4},"end":{"line":194,"column":28}},"86":{"start":{"line":198,"column":4},"end":{"line":206,"column":8}},"87":{"start":{"line":198,"column":35},"end":{"line":206,"column":5}},"88":{"start":{"line":210,"column":4},"end":{"line":215,"column":7}},"89":{"start":{"line":216,"column":4},"end":{"line":216,"column":15}},"90":{"start":{"line":220,"column":18},"end":{"line":220,"column":52}},"91":{"start":{"line":221,"column":18},"end":{"line":221,"column":59}},"92":{"start":{"line":222,"column":16},"end":{"line":222,"column":57}},"93":{"start":{"line":224,"column":4},"end":{"line":224,"column":43}},"94":{"start":{"line":225,"column":4},"end":{"line":225,"column":47}},"95":{"start":{"line":226,"column":4},"end":{"line":226,"column":47}},"96":{"start":{"line":228,"column":4},"end":{"line":228,"column":44}},"97":{"start":{"line":232,"column":0},"end":{"line":250,"column":2}}},"fnMap":{"0":{"name":"getStudyToday","decl":{"start":{"line":7,"column":15},"end":{"line":7,"column":28}},"loc":{"start":{"line":7,"column":31},"end":{"line":11,"column":1}},"line":7},"1":{"name":"getToday","decl":{"start":{"line":13,"column":9},"end":{"line":13,"column":17}},"loc":{"start":{"line":13,"column":19},"end":{"line":16,"column":1}},"line":13},"2":{"name":"get_time_today","decl":{"start":{"line":18,"column":15},"end":{"line":18,"column":29}},"loc":{"start":{"line":18,"column":32},"end":{"line":24,"column":1}},"line":18},"3":{"name":"get_time_today_by_day","decl":{"start":{"line":26,"column":15},"end":{"line":26,"column":36}},"loc":{"start":{"line":26,"column":42},"end":{"line":33,"column":1}},"line":26},"4":{"name":"get_total_hours","decl":{"start":{"line":35,"column":15},"end":{"line":35,"column":30}},"loc":{"start":{"line":35,"column":33},"end":{"line":37,"column":1}},"line":35},"5":{"name":"get_id_by_date","decl":{"start":{"line":39,"column":15},"end":{"line":39,"column":29}},"loc":{"start":{"line":39,"column":36},"end":{"line":45,"column":1}},"line":39},"6":{"name":"checkIfIsFirstClockIn","decl":{"start":{"line":47,"column":15},"end":{"line":47,"column":36}},"loc":{"start":{"line":47,"column":39},"end":{"line":55,"column":1}},"line":47},"7":{"name":"createTimeToday","decl":{"start":{"line":57,"column":15},"end":{"line":57,"column":30}},"loc":{"start":{"line":57,"column":33},"end":{"line":59,"column":1}},"line":57},"8":{"name":"createTimeToday_by_day","decl":{"start":{"line":61,"column":15},"end":{"line":61,"column":37}},"loc":{"start":{"line":61,"column":43},"end":{"line":66,"column":1}},"line":61},"9":{"name":"createTotalHours","decl":{"start":{"line":68,"column":15},"end":{"line":68,"column":31}},"loc":{"start":{"line":68,"column":34},"end":{"line":72,"column":1}},"line":68},"10":{"name":"create_total_hours_if_needed","decl":{"start":{"line":74,"column":15},"end":{"line":74,"column":43}},"loc":{"start":{"line":74,"column":46},"end":{"line":80,"column":1}},"line":74},"11":{"name":"is_running","decl":{"start":{"line":82,"column":15},"end":{"line":82,"column":25}},"loc":{"start":{"line":82,"column":28},"end":{"line":89,"column":1}},"line":82},"12":{"name":"save_clock_out","decl":{"start":{"line":91,"column":15},"end":{"line":91,"column":29}},"loc":{"start":{"line":91,"column":41},"end":{"line":99,"column":1}},"line":91},"13":{"name":"add_ms_to_db","decl":{"start":{"line":101,"column":15},"end":{"line":101,"column":27}},"loc":{"start":{"line":101,"column":43},"end":{"line":104,"column":1}},"line":101},"14":{"name":"remove_ms_from_db","decl":{"start":{"line":106,"column":15},"end":{"line":106,"column":32}},"loc":{"start":{"line":106,"column":48},"end":{"line":109,"column":1}},"line":106},"15":{"name":"add_ms_to_TimeToday","decl":{"start":{"line":111,"column":15},"end":{"line":111,"column":34}},"loc":{"start":{"line":111,"column":50},"end":{"line":115,"column":1}},"line":111},"16":{"name":"remove_ms_from_TimeToday","decl":{"start":{"line":117,"column":15},"end":{"line":117,"column":39}},"loc":{"start":{"line":117,"column":55},"end":{"line":121,"column":1}},"line":117},"17":{"name":"add_ms_to_TotalHours","decl":{"start":{"line":123,"column":15},"end":{"line":123,"column":35}},"loc":{"start":{"line":123,"column":46},"end":{"line":127,"column":1}},"line":123},"18":{"name":"remove_ms_from_TotalHours","decl":{"start":{"line":129,"column":15},"end":{"line":129,"column":40}},"loc":{"start":{"line":129,"column":51},"end":{"line":133,"column":1}},"line":129},"19":{"name":"get_new_data","decl":{"start":{"line":135,"column":15},"end":{"line":135,"column":27}},"loc":{"start":{"line":135,"column":38},"end":{"line":144,"column":1}},"line":135},"20":{"name":"create_clock_in","decl":{"start":{"line":146,"column":15},"end":{"line":146,"column":30}},"loc":{"start":{"line":146,"column":42},"end":{"line":153,"column":1}},"line":146},"21":{"name":"get_clockIns","decl":{"start":{"line":155,"column":15},"end":{"line":155,"column":27}},"loc":{"start":{"line":155,"column":30},"end":{"line":163,"column":1}},"line":155},"22":{"name":"edit_clockIn","decl":{"start":{"line":165,"column":15},"end":{"line":165,"column":27}},"loc":{"start":{"line":165,"column":47},"end":{"line":180,"column":1}},"line":165},"23":{"name":"edit_clockOut","decl":{"start":{"line":182,"column":15},"end":{"line":182,"column":28}},"loc":{"start":{"line":182,"column":49},"end":{"line":195,"column":1}},"line":182},"24":{"name":"format_clockIns","decl":{"start":{"line":197,"column":9},"end":{"line":197,"column":24}},"loc":{"start":{"line":197,"column":35},"end":{"line":207,"column":1}},"line":197},"25":{"name":"(anonymous_25)","decl":{"start":{"line":198,"column":24},"end":{"line":198,"column":25}},"loc":{"start":{"line":198,"column":35},"end":{"line":206,"column":5}},"line":198},"26":{"name":"format_timestamp","decl":{"start":{"line":209,"column":9},"end":{"line":209,"column":25}},"loc":{"start":{"line":209,"column":36},"end":{"line":217,"column":1}},"line":209},"27":{"name":"set_formated_inteval","decl":{"start":{"line":219,"column":9},"end":{"line":219,"column":29}},"loc":{"start":{"line":219,"column":40},"end":{"line":229,"column":1}},"line":219}},"branchMap":{"0":{"loc":{"start":{"line":28,"column":4},"end":{"line":31,"column":5}},"type":"if","locations":[{"start":{"line":28,"column":4},"end":{"line":31,"column":5}},{"start":{},"end":{}}],"line":28},"1":{"loc":{"start":{"line":41,"column":4},"end":{"line":43,"column":5}},"type":"if","locations":[{"start":{"line":41,"column":4},"end":{"line":43,"column":5}},{"start":{},"end":{}}],"line":41},"2":{"loc":{"start":{"line":51,"column":4},"end":{"line":53,"column":5}},"type":"if","locations":[{"start":{"line":51,"column":4},"end":{"line":53,"column":5}},{"start":{},"end":{}}],"line":51},"3":{"loc":{"start":{"line":77,"column":4},"end":{"line":79,"column":5}},"type":"if","locations":[{"start":{"line":77,"column":4},"end":{"line":79,"column":5}},{"start":{},"end":{}}],"line":77},"4":{"loc":{"start":{"line":85,"column":4},"end":{"line":85,"column":41}},"type":"if","locations":[{"start":{"line":85,"column":4},"end":{"line":85,"column":41}},{"start":{},"end":{}}],"line":85},"5":{"loc":{"start":{"line":87,"column":11},"end":{"line":87,"column":84}},"type":"cond-expr","locations":[{"start":{"line":87,"column":41},"end":{"line":87,"column":77}},{"start":{"line":87,"column":79},"end":{"line":87,"column":84}}],"line":87},"6":{"loc":{"start":{"line":93,"column":4},"end":{"line":96,"column":5}},"type":"if","locations":[{"start":{"line":93,"column":4},"end":{"line":96,"column":5}},{"start":{},"end":{}}],"line":93},"7":{"loc":{"start":{"line":168,"column":4},"end":{"line":178,"column":5}},"type":"if","locations":[{"start":{"line":168,"column":4},"end":{"line":178,"column":5}},{"start":{},"end":{}}],"line":168},"8":{"loc":{"start":{"line":185,"column":4},"end":{"line":193,"column":5}},"type":"if","locations":[{"start":{"line":185,"column":4},"end":{"line":193,"column":5}},{"start":{},"end":{}}],"line":185}},"s":{"0":1,"1":1,"2":1,"3":1,"4":1,"5":3,"6":3,"7":3,"8":20,"9":20,"10":2,"11":2,"12":7,"13":7,"14":0,"15":0,"16":7,"17":3,"18":0,"19":0,"20":0,"21":0,"22":2,"23":2,"24":2,"25":1,"26":1,"27":1,"28":0,"29":1,"30":2,"31":2,"32":1,"33":4,"34":4,"35":1,"36":3,"37":4,"38":4,"39":2,"40":2,"41":2,"42":0,"43":0,"44":0,"45":0,"46":3,"47":3,"48":3,"49":2,"50":2,"51":2,"52":1,"53":1,"54":1,"55":0,"56":0,"57":0,"58":0,"59":0,"60":0,"61":0,"62":3,"63":3,"64":1,"65":1,"66":1,"67":0,"68":0,"69":0,"70":0,"71":0,"72":0,"73":0,"74":0,"75":0,"76":0,"77":0,"78":0,"79":0,"80":0,"81":0,"82":0,"83":0,"84":0,"85":0,"86":1,"87":1,"88":2,"89":2,"90":1,"91":1,"92":1,"93":1,"94":1,"95":1,"96":1,"97":1},"f":{"0":3,"1":20,"2":2,"3":7,"4":3,"5":0,"6":2,"7":1,"8":0,"9":1,"10":2,"11":4,"12":4,"13":0,"14":0,"15":3,"16":2,"17":1,"18":0,"19":0,"20":3,"21":1,"22":0,"23":0,"24":1,"25":1,"26":2,"27":1},"b":{"0":[0,7],"1":[0,0],"2":[1,1],"3":[1,1],"4":[1,3],"5":[2,1],"6":[2,2],"7":[0,0],"8":[0,0]},"_coverageSchema":"1a1c01bbd47fc00a2c39e90264f33305004495a9","hash":"e1d8356b88e64bc8e1dc5c6a96dcdcff902f481f"}
,"C:\\Users\\biaon\\Desktop\\4studies\\src\\services\\time_service.js": {"path":"C:\\Users\\biaon\\Desktop\\4studies\\src\\services\\time_service.js","statementMap":{"0":{"start":{"line":1,"column":18},"end":{"line":1,"column":48}},"1":{"start":{"line":2,"column":17},"end":{"line":2,"column":46}},"2":{"start":{"line":3,"column":19},"end":{"line":3,"column":50}},"3":{"start":{"line":7,"column":21},"end":{"line":7,"column":47}},"4":{"start":{"line":8,"column":4},"end":{"line":8,"column":21}},"5":{"start":{"line":12,"column":23},"end":{"line":12,"column":45}},"6":{"start":{"line":13,"column":28},"end":{"line":13,"column":73}},"7":{"start":{"line":14,"column":4},"end":{"line":14,"column":26}},"8":{"start":{"line":18,"column":23},"end":{"line":18,"column":45}},"9":{"start":{"line":19,"column":23},"end":{"line":19,"column":62}},"10":{"start":{"line":20,"column":4},"end":{"line":20,"column":21}},"11":{"start":{"line":25,"column":18},"end":{"line":25,"column":46}},"12":{"start":{"line":26,"column":18},"end":{"line":26,"column":53}},"13":{"start":{"line":27,"column":16},"end":{"line":27,"column":51}},"14":{"start":{"line":29,"column":4},"end":{"line":29,"column":43}},"15":{"start":{"line":30,"column":4},"end":{"line":30,"column":47}},"16":{"start":{"line":31,"column":4},"end":{"line":31,"column":47}},"17":{"start":{"line":33,"column":4},"end":{"line":33,"column":44}},"18":{"start":{"line":37,"column":16},"end":{"line":37,"column":51}},"19":{"start":{"line":39,"column":4},"end":{"line":39,"column":43}},"20":{"start":{"line":41,"column":4},"end":{"line":41,"column":16}},"21":{"start":{"line":44,"column":0},"end":{"line":48,"column":1}}},"fnMap":{"0":{"name":"get_totalHours","decl":{"start":{"line":6,"column":15},"end":{"line":6,"column":29}},"loc":{"start":{"line":6,"column":32},"end":{"line":9,"column":1}},"line":6},"1":{"name":"get_hours_completed","decl":{"start":{"line":11,"column":15},"end":{"line":11,"column":34}},"loc":{"start":{"line":11,"column":37},"end":{"line":15,"column":1}},"line":11},"2":{"name":"get_goal_hours","decl":{"start":{"line":17,"column":15},"end":{"line":17,"column":29}},"loc":{"start":{"line":17,"column":32},"end":{"line":21,"column":1}},"line":17},"3":{"name":"msToHours","decl":{"start":{"line":24,"column":9},"end":{"line":24,"column":18}},"loc":{"start":{"line":24,"column":23},"end":{"line":34,"column":1}},"line":24},"4":{"name":"msToOnlyHours","decl":{"start":{"line":36,"column":9},"end":{"line":36,"column":22}},"loc":{"start":{"line":36,"column":27},"end":{"line":42,"column":1}},"line":36}},"branchMap":{},"s":{"0":1,"1":1,"2":1,"3":0,"4":0,"5":0,"6":0,"7":0,"8":0,"9":0,"10":0,"11":4,"12":4,"13":4,"14":4,"15":4,"16":4,"17":4,"18":0,"19":0,"20":0,"21":1},"f":{"0":0,"1":0,"2":0,"3":4,"4":0},"b":{},"_coverageSchema":"1a1c01bbd47fc00a2c39e90264f33305004495a9","hash":"890696e847f71f1c7b483fd8664c918b7b6bea3c"}
}
