TN:
SF:src\database.js
FNF:0
FNH:0
DA:1,4
DA:2,4
DA:4,4
DA:9,4
LF:4
LH:4
BRF:0
BRH:0
end_of_record
TN:
SF:src\models\ClockIn.js
FNF:0
FNH:0
DA:1,1
DA:2,1
DA:4,1
DA:17,1
LF:4
LH:4
BRF:0
BRH:0
end_of_record
TN:
SF:src\models\TimeToday.js
FNF:0
FNH:0
DA:1,1
DA:2,1
DA:4,1
DA:15,1
LF:4
LH:4
BRF:0
BRH:0
end_of_record
TN:
SF:src\models\TimeWeek.js
FNF:0
FNH:0
DA:1,1
DA:2,1
DA:4,1
DA:15,1
LF:4
LH:4
BRF:0
BRH:0
end_of_record
TN:
SF:src\models\TotalHours.js
FNF:0
FNH:0
DA:1,1
DA:2,1
DA:4,1
DA:15,1
LF:4
LH:4
BRF:0
BRH:0
end_of_record
TN:
SF:src\services\clock_service.js
FN:7,getStudyToday
FN:13,getToday
FN:18,get_time_today
FN:26,get_time_today_by_day
FN:35,get_total_hours
FN:39,get_id_by_date
FN:47,checkIfIsFirstClockIn
FN:57,createTimeToday
FN:61,createTimeToday_by_day
FN:68,createTotalHours
FN:74,create_total_hours_if_needed
FN:82,is_running
FN:91,save_clock_out
FN:101,add_ms_to_db
FN:106,remove_ms_from_db
FN:111,add_ms_to_TimeToday
FN:117,remove_ms_from_TimeToday
FN:123,add_ms_to_TotalHours
FN:129,remove_ms_from_TotalHours
FN:135,get_new_data
FN:146,create_clock_in
FN:155,get_clockIns
FN:165,edit_clockIn
FN:182,edit_clockOut
FN:197,format_clockIns
FN:198,(anonymous_25)
FN:209,format_timestamp
FN:219,set_formated_inteval
FNF:28
FNH:20
FNDA:3,getStudyToday
FNDA:20,getToday
FNDA:2,get_time_today
FNDA:7,get_time_today_by_day
FNDA:3,get_total_hours
FNDA:0,get_id_by_date
FNDA:2,checkIfIsFirstClockIn
FNDA:1,createTimeToday
FNDA:0,createTimeToday_by_day
FNDA:1,createTotalHours
FNDA:2,create_total_hours_if_needed
FNDA:4,is_running
FNDA:4,save_clock_out
FNDA:0,add_ms_to_db
FNDA:0,remove_ms_from_db
FNDA:3,add_ms_to_TimeToday
FNDA:2,remove_ms_from_TimeToday
FNDA:1,add_ms_to_TotalHours
FNDA:0,remove_ms_from_TotalHours
FNDA:0,get_new_data
FNDA:3,create_clock_in
FNDA:1,get_clockIns
FNDA:0,edit_clockIn
FNDA:0,edit_clockOut
FNDA:1,format_clockIns
FNDA:1,(anonymous_25)
FNDA:2,format_timestamp
FNDA:1,set_formated_inteval
DA:1,1
DA:2,1
DA:3,1
DA:4,1
DA:5,1
DA:8,3
DA:9,3
DA:10,3
DA:14,20
DA:15,20
DA:19,2
DA:21,2
DA:27,7
DA:28,7
DA:29,0
DA:30,0
DA:32,7
DA:36,3
DA:40,0
DA:41,0
DA:42,0
DA:44,0
DA:48,2
DA:49,2
DA:51,2
DA:52,1
DA:54,1
DA:58,1
DA:62,0
DA:69,1
DA:75,2
DA:77,2
DA:78,1
DA:83,4
DA:85,4
DA:87,3
DA:92,4
DA:93,4
DA:94,2
DA:97,2
DA:98,2
DA:102,0
DA:103,0
DA:107,0
DA:108,0
DA:112,3
DA:113,3
DA:114,3
DA:118,2
DA:119,2
DA:120,2
DA:124,1
DA:125,1
DA:126,1
DA:130,0
DA:131,0
DA:132,0
DA:136,0
DA:137,0
DA:138,0
DA:143,0
DA:147,3
DA:148,3
DA:156,1
DA:161,1
DA:162,1
DA:166,0
DA:167,0
DA:168,0
DA:169,0
DA:171,0
DA:173,0
DA:174,0
DA:176,0
DA:177,0
DA:179,0
DA:183,0
DA:184,0
DA:185,0
DA:186,0
DA:188,0
DA:189,0
DA:191,0
DA:192,0
DA:194,0
DA:198,1
DA:210,2
DA:216,2
DA:220,1
DA:221,1
DA:222,1
DA:224,1
DA:225,1
DA:226,1
DA:228,1
DA:232,1
LF:96
LH:59
BRDA:28,0,0,0
BRDA:28,0,1,7
BRDA:41,1,0,0
BRDA:41,1,1,0
BRDA:51,2,0,1
BRDA:51,2,1,1
BRDA:77,3,0,1
BRDA:77,3,1,1
BRDA:85,4,0,1
BRDA:85,4,1,3
BRDA:87,5,0,2
BRDA:87,5,1,1
BRDA:93,6,0,2
BRDA:93,6,1,2
BRDA:168,7,0,0
BRDA:168,7,1,0
BRDA:185,8,0,0
BRDA:185,8,1,0
BRF:18
BRH:11
end_of_record
TN:
SF:src\services\time_service.js
FN:6,get_totalHours
FN:11,get_hours_completed
FN:17,get_goal_hours
FN:24,msToHours
FN:36,msToOnlyHours
FNF:5
FNH:1
FNDA:0,get_totalHours
FNDA:0,get_hours_completed
FNDA:0,get_goal_hours
FNDA:4,msToHours
FNDA:0,msToOnlyHours
DA:1,1
DA:2,1
DA:3,1
DA:7,0
DA:8,0
DA:12,0
DA:13,0
DA:14,0
DA:18,0
DA:19,0
DA:20,0
DA:25,4
DA:26,4
DA:27,4
DA:29,4
DA:30,4
DA:31,4
DA:33,4
DA:37,0
DA:39,0
DA:41,0
DA:44,1
LF:22
LH:11
BRF:0
BRH:0
end_of_record
