TN:
SF:src\database.js
FNF:0
FNH:0
DA:1,18
DA:3,18
DA:8,18
LF:3
LH:3
BRF:0
BRH:0
end_of_record
TN:
SF:src\models\ClockIn.js
FNF:0
FNH:0
DA:1,2
DA:2,2
DA:4,2
DA:17,2
LF:4
LH:4
BRF:0
BRH:0
end_of_record
TN:
SF:src\models\DailyGoals.js
FNF:0
FNH:0
DA:1,3
DA:2,3
DA:4,3
DA:11,3
LF:4
LH:4
BRF:0
BRH:0
end_of_record
TN:
SF:src\models\Notes.js
FNF:0
FNH:0
DA:1,3
DA:2,3
DA:4,3
DA:11,3
LF:4
LH:4
BRF:0
BRH:0
end_of_record
TN:
SF:src\models\TimeToday.js
FNF:0
FNH:0
DA:1,3
DA:2,3
DA:4,3
DA:15,3
LF:4
LH:4
BRF:0
BRH:0
end_of_record
TN:
SF:src\models\TimeWeek.js
FNF:0
FNH:0
DA:1,4
DA:2,4
DA:4,4
DA:15,4
LF:4
LH:4
BRF:0
BRH:0
end_of_record
TN:
SF:src\models\TotalHours.js
FNF:0
FNH:0
DA:1,3
DA:2,3
DA:4,3
DA:15,3
LF:4
LH:4
BRF:0
BRH:0
end_of_record
TN:
SF:src\models\WeeklyGoals.js
FNF:0
FNH:0
DA:1,3
DA:2,3
DA:4,3
DA:11,3
LF:4
LH:4
BRF:0
BRH:0
end_of_record
TN:
SF:src\models\add_stuff.js
FN:9,add_stuff
FNF:1
FNH:0
FNDA:0,add_stuff
DA:1,1
DA:2,1
DA:3,1
DA:4,1
DA:5,1
DA:6,1
DA:7,1
DA:38,1
LF:8
LH:8
BRF:0
BRH:0
end_of_record
TN:
SF:src\routes\clock.js
FN:25,(anonymous_0)
FN:38,(anonymous_1)
FN:43,(anonymous_2)
FN:51,(anonymous_3)
FN:55,(anonymous_4)
FN:61,(anonymous_5)
FN:71,(anonymous_6)
FNF:7
FNH:5
FNDA:0,(anonymous_0)
FNDA:1,(anonymous_1)
FNDA:0,(anonymous_2)
FNDA:2,(anonymous_3)
FNDA:1,(anonymous_4)
FNDA:2,(anonymous_5)
FNDA:1,(anonymous_6)
DA:1,1
DA:2,1
DA:4,1
DA:5,1
DA:19,1
DA:25,1
DA:26,0
DA:27,0
DA:29,0
DA:31,0
DA:32,0
DA:33,0
DA:35,0
DA:38,1
DA:39,1
DA:40,1
DA:43,1
DA:44,0
DA:45,0
DA:46,0
DA:48,0
DA:51,1
DA:52,2
DA:55,1
DA:56,1
DA:58,1
DA:61,1
DA:62,2
DA:63,2
DA:64,1
DA:66,1
DA:67,1
DA:71,1
DA:72,1
DA:73,1
DA:74,1
DA:75,1
DA:78,1
LF:38
LH:27
BRDA:26,0,0,0
BRDA:26,0,1,0
BRDA:45,1,0,0
BRDA:45,1,1,0
BRF:4
BRH:0
end_of_record
TN:
SF:src\routes\notes.js
FN:16,(anonymous_0)
FN:26,(anonymous_1)
FN:31,(anonymous_2)
FN:37,(anonymous_3)
FN:47,(anonymous_4)
FN:52,(anonymous_5)
FN:58,(anonymous_6)
FNF:7
FNH:3
FNDA:0,(anonymous_0)
FNDA:2,(anonymous_1)
FNDA:0,(anonymous_2)
FNDA:0,(anonymous_3)
FNDA:1,(anonymous_4)
FNDA:0,(anonymous_5)
FNDA:2,(anonymous_6)
DA:1,1
DA:2,1
DA:12,1
DA:16,1
DA:17,0
DA:18,0
DA:19,0
DA:21,0
DA:22,0
DA:26,1
DA:27,2
DA:28,2
DA:31,1
DA:32,0
DA:37,1
DA:38,0
DA:39,0
DA:40,0
DA:42,0
DA:43,0
DA:47,1
DA:48,1
DA:49,1
DA:52,1
DA:53,0
DA:58,1
DA:59,2
DA:60,2
DA:61,2
DA:63,2
DA:65,2
DA:67,2
DA:70,1
LF:33
LH:21
BRDA:18,0,0,0
BRDA:18,0,1,0
BRDA:39,1,0,0
BRDA:39,1,1,0
BRDA:60,2,0,2
BRDA:60,2,1,0
BRF:6
BRH:1
end_of_record
TN:
SF:src\routes\time.js
FN:8,(anonymous_0)
FN:21,msToHours
FNF:2
FNH:2
FNDA:1,(anonymous_0)
FNDA:2,msToHours
DA:1,1
DA:2,1
DA:4,1
DA:5,1
DA:6,1
DA:8,1
DA:9,1
DA:10,1
DA:11,1
DA:13,1
DA:22,2
DA:23,2
DA:25,2
DA:26,2
DA:28,2
DA:32,1
LF:16
LH:16
BRF:0
BRH:0
end_of_record
TN:
SF:src\services\clock_service.js
FN:6,getStudyToday
FN:12,getToday
FN:17,get_time_today
FN:25,get_id_by_date
FN:33,checkIfIsFirstClockIn
FN:43,createTimeToday
FN:47,createTotalHours
FN:53,create_total_hours_if_needed
FN:61,is_running
FN:70,save_clock_out
FN:81,add_ms_to_TimeToday
FN:87,add_ms_to_TotalHours
FN:93,create_clock_in
FN:102,msToHours
FNF:14
FNH:13
FNDA:3,getStudyToday
FNDA:19,getToday
FNDA:4,get_time_today
FNDA:0,get_id_by_date
FNDA:2,checkIfIsFirstClockIn
FNDA:1,createTimeToday
FNDA:1,createTotalHours
FNDA:2,create_total_hours_if_needed
FNDA:4,is_running
FNDA:4,save_clock_out
FNDA:2,add_ms_to_TimeToday
FNDA:1,add_ms_to_TotalHours
FNDA:2,create_clock_in
FNDA:7,msToHours
DA:1,2
DA:2,2
DA:3,2
DA:4,2
DA:7,3
DA:8,3
DA:9,3
DA:13,19
DA:14,19
DA:18,4
DA:20,4
DA:26,0
DA:27,0
DA:28,0
DA:30,0
DA:34,2
DA:35,2
DA:37,2
DA:38,1
DA:40,1
DA:44,1
DA:48,1
DA:54,2
DA:56,2
DA:57,1
DA:62,4
DA:64,4
DA:66,3
DA:71,4
DA:72,4
DA:74,2
DA:77,2
DA:78,2
DA:82,2
DA:83,2
DA:84,2
DA:88,1
DA:89,1
DA:90,1
DA:94,2
DA:95,2
DA:103,7
DA:104,7
DA:105,7
DA:107,7
DA:108,7
DA:109,7
DA:111,7
DA:114,2
LF:49
LH:45
BRDA:27,0,0,0
BRDA:27,0,1,0
BRDA:37,1,0,1
BRDA:37,1,1,1
BRDA:56,2,0,1
BRDA:56,2,1,1
BRDA:64,3,0,1
BRDA:64,3,1,3
BRDA:66,4,0,2
BRDA:66,4,1,1
BRDA:72,5,0,2
BRDA:72,5,1,2
BRF:12
BRH:10
end_of_record
TN:
SF:src\services\notes_service.js
FN:6,load_page
FN:21,get_notes
FN:25,create_notes
FN:29,delete_weekly_goal
FN:37,delete_daily_goal
FN:45,create_daily_goal
FN:52,create_weekly_goal
FNF:7
FNH:7
FNDA:3,load_page
FNDA:5,get_notes
FNDA:1,create_notes
FNDA:1,delete_weekly_goal
FNDA:1,delete_daily_goal
FNDA:1,create_daily_goal
FNDA:1,create_weekly_goal
DA:1,2
DA:2,2
DA:3,2
DA:7,3
DA:9,3
DA:11,3
DA:12,1
DA:14,3
DA:15,1
DA:18,3
DA:22,5
DA:26,1
DA:30,1
DA:38,1
DA:46,1
DA:49,1
DA:50,1
DA:53,1
DA:56,1
DA:57,1
DA:60,2
LF:21
LH:21
BRDA:11,0,0,1
BRDA:11,0,1,2
BRDA:14,1,0,1
BRDA:14,1,1,2
BRF:4
BRH:4
end_of_record
